Log file open, 07/17/20 18:52:51
LogInit: Display: Running engine for game: EvilCube
LogPlatformFile: Not using cached read wrapper
LogTaskGraph: Started task graph with 5 named threads and 47 total threads with 3 sets of task threads.
LogStats: Stats thread started at 0.103836
LogD3D11RHI: Loaded GFSDK_Aftermath_Lib.x64.dll
LogICUInternationalization: ICU TimeZone Detection - Raw Offset: -5:00, Platform Override: ''
LogPluginManager: Mounting plugin Paper2D
LogPluginManager: Mounting plugin AISupport
LogPluginManager: Mounting plugin LightPropagationVolume
LogPluginManager: Mounting plugin CameraShakePreviewer
LogPluginManager: Mounting plugin ActorLayerUtilities
LogPluginManager: Mounting plugin AnimationSharing
LogPluginManager: Mounting plugin CLionSourceCodeAccess
LogPluginManager: Mounting plugin CodeLiteSourceCodeAccess
LogPluginManager: Mounting plugin ConcertMain
LogPluginManager: Mounting plugin ConcertSyncClient
LogPluginManager: Mounting plugin ConcertSyncCore
LogPluginManager: Mounting plugin MultiUserClient
LogPluginManager: Mounting plugin GitSourceControl
LogPluginManager: Mounting plugin KDevelopSourceCodeAccess
LogPluginManager: Mounting plugin NullSourceCodeAccess
LogPluginManager: Mounting plugin PerforceSourceControl
LogPluginManager: Mounting plugin PlasticSourceControl
LogPluginManager: Mounting plugin RiderSourceCodeAccess
LogPluginManager: Mounting plugin SubversionSourceControl
LogPluginManager: Mounting plugin UObjectPlugin
LogPluginManager: Mounting plugin VisualStudioCodeSourceCodeAccess
LogPluginManager: Mounting plugin VisualStudioSourceCodeAccess
LogPluginManager: Mounting plugin XCodeSourceCodeAccess
LogPluginManager: Mounting plugin AssetManagerEditor
LogPluginManager: Mounting plugin CryptoKeys
LogPluginManager: Mounting plugin CurveEditorTools
LogPluginManager: Mounting plugin DataValidation
LogPluginManager: Mounting plugin EditorScriptingUtilities
LogPluginManager: Mounting plugin FacialAnimation
LogPluginManager: Mounting plugin GameplayTagsEditor
LogPluginManager: Mounting plugin GeometryMode
LogPluginManager: Mounting plugin MacGraphicsSwitching
LogPluginManager: Mounting plugin MaterialAnalyzer
LogPluginManager: Mounting plugin MobileLauncherProfileWizard
LogPluginManager: Mounting plugin PluginBrowser
LogPluginManager: Mounting plugin SpeedTreeImporter
LogPluginManager: Mounting plugin DatasmithContent
LogPluginManager: Mounting plugin VariantManagerContent
LogPluginManager: Mounting plugin AlembicImporter
LogPluginManager: Mounting plugin AutomationUtils
LogPluginManager: Mounting plugin BackChannel
LogPluginManager: Mounting plugin ChaosCloth
LogPluginManager: Mounting plugin ChaosClothEditor
LogPluginManager: Mounting plugin ChaosEditor
LogPluginManager: Mounting plugin ChaosNiagara
LogPluginManager: Mounting plugin ChaosSolverPlugin
LogPluginManager: Mounting plugin CharacterAI
LogPluginManager: Mounting plugin GeometryCache
LogPluginManager: Mounting plugin GeometryCollectionPlugin
LogPluginManager: Mounting plugin GeometryProcessing
LogPluginManager: Mounting plugin PlanarCut
LogPluginManager: Mounting plugin PlatformCrypto
LogPluginManager: Mounting plugin ProxyLODPlugin
LogPluginManager: Mounting plugin SkeletalReduction
LogPluginManager: Mounting plugin Niagara
LogPluginManager: Mounting plugin MagicLeap
LogPluginManager: Mounting plugin MagicLeapLightEstimation
LogPluginManager: Mounting plugin MagicLeapMedia
LogPluginManager: Mounting plugin MagicLeapPassableWorld
LogPluginManager: Mounting plugin MLSDK
LogPluginManager: Mounting plugin AndroidMedia
LogPluginManager: Mounting plugin AvfMedia
LogPluginManager: Mounting plugin ImgMedia
LogPluginManager: Mounting plugin MediaCompositing
LogPluginManager: Mounting plugin MediaPlayerEditor
LogPluginManager: Mounting plugin WebMMedia
LogPluginManager: Mounting plugin WmfMedia
LogPluginManager: Mounting plugin MeshPainting
LogPluginManager: Mounting plugin TcpMessaging
LogPluginManager: Mounting plugin UdpMessaging
LogPluginManager: Mounting plugin ActorSequence
LogPluginManager: Mounting plugin LevelSequenceEditor
LogPluginManager: Mounting plugin MatineeToLevelSequence
LogPluginManager: Mounting plugin MovieRenderPipeline
LogPluginManager: Mounting plugin TemplateSequence
LogPluginManager: Mounting plugin NetcodeUnitTest
LogPluginManager: Mounting plugin NUTUnrealEngine4
LogPluginManager: Mounting plugin OnlineSubsystemGooglePlay
LogPluginManager: Mounting plugin OnlineSubsystemIOS
LogPluginManager: Mounting plugin OnlineSubsystem
LogPluginManager: Mounting plugin OnlineSubsystemNull
LogPluginManager: Mounting plugin OnlineSubsystemUtils
LogPluginManager: Mounting plugin LauncherChunkInstaller
LogPluginManager: Mounting plugin AndroidDeviceProfileSelector
LogPluginManager: Mounting plugin AndroidMoviePlayer
LogPluginManager: Mounting plugin AndroidPermission
LogPluginManager: Mounting plugin AppleImageUtils
LogPluginManager: Mounting plugin AppleMoviePlayer
LogPluginManager: Mounting plugin ArchVisCharacter
LogPluginManager: Mounting plugin AssetTags
LogPluginManager: Mounting plugin AudioCapture
LogPluginManager: Mounting plugin CableComponent
LogPluginManager: Mounting plugin CustomMeshComponent
LogPluginManager: Mounting plugin SQLiteCore
LogPluginManager: Mounting plugin EditableMesh
LogPluginManager: Mounting plugin ExampleDeviceProfileSelector
LogPluginManager: Mounting plugin GoogleCloudMessaging
LogPluginManager: Mounting plugin GooglePAD
LogPluginManager: Mounting plugin IOSDeviceProfileSelector
LogPluginManager: Mounting plugin LinuxDeviceProfileSelector
LogPluginManager: Mounting plugin LocationServicesBPLibrary
LogPluginManager: Mounting plugin MobilePatchingUtils
LogPluginManager: Mounting plugin OculusVR
LogPluginManager: Mounting plugin PhysXVehicles
LogPluginManager: Mounting plugin PostSplashScreen
LogPluginManager: Mounting plugin ProceduralMeshComponent
LogPluginManager: Mounting plugin RuntimePhysXCooking
LogPluginManager: Mounting plugin SignificanceManager
LogPluginManager: Mounting plugin SoundFields
LogPluginManager: Mounting plugin SteamVR
LogPluginManager: Mounting plugin Synthesis
LogPluginManager: Mounting plugin WebMMoviePlayer
LogPluginManager: Mounting plugin WindowsMoviePlayer
LogPluginManager: Mounting plugin ScreenshotTools
LogInit: Using libcurl 7.55.1-DEV
LogInit:  - built for x86_64-pc-win32
LogInit:  - supports SSL with OpenSSL/1.1.1
LogInit:  - supports HTTP deflate (compression) using libz 1.2.8
LogInit:  - other features:
LogInit:      CURL_VERSION_SSL
LogInit:      CURL_VERSION_LIBZ
LogInit:      CURL_VERSION_IPV6
LogInit:      CURL_VERSION_ASYNCHDNS
LogInit:      CURL_VERSION_LARGEFILE
LogInit:      CURL_VERSION_IDN
LogInit:  CurlRequestOptions (configurable via config and command line):
LogInit:  - bVerifyPeer = true  - Libcurl will verify peer certificate
LogInit:  - bUseHttpProxy = false  - Libcurl will NOT use HTTP proxy
LogInit:  - bDontReuseConnections = false  - Libcurl will reuse connections
LogInit:  - MaxHostConnections = 16  - Libcurl will limit the number of connections to a host
LogInit:  - LocalHostAddr = Default
LogInit:  - BufferSize = 65536
LogOnline: OSS: Creating online subsystem instance for: NULL
LogInit: WinSock: version 1.1 (2.2), MaxSocks=32767, MaxUdp=65467
LogOnline: OSS: TryLoadSubsystemAndSetDefault: Loaded subsystem for module [NULL]
LogInit: Build: ++UE4+Release-4.25-CL-13144385
LogInit: Engine Version: 4.25.0-13144385+++UE4+Release-4.25
LogInit: Compatible Engine Version: 4.25.0-13144385+++UE4+Release-4.25
LogInit: Net CL: 13144385
LogInit: OS: Windows 10 (Release 1909) (), CPU: AMD Ryzen 7 2700 Eight-Core Processor          , GPU: Radeon RX 580 Series
LogInit: Compiled (64-bit): May  2 2020 02:12:11
LogInit: Compiled with Visual C++: 19.24.28315.00
LogInit: Build Configuration: Development
LogInit: Branch Name: ++UE4+Release-4.25
LogInit: Command Line:  -EpicPortal -epicusername="Michael Bennie" -epicuserid=f9ed022ec7134e87b637c5e326631738 -epiclocale=en
LogInit: Base Directory: C:/Program Files/Epic Games/UE_4.25/Engine/Binaries/Win64/
LogInit: Allocator: TBB
LogInit: Installed Engine Build: 1
LogDevObjectVersion: Number of dev versions registered: 26
LogDevObjectVersion:   Dev-Blueprints (B0D832E4-1F89-4F0D-ACCF-7EB736FD4AA2): 10
LogDevObjectVersion:   Dev-Build (E1C64328-A22C-4D53-A36C-8E866417BD8C): 0
LogDevObjectVersion:   Dev-Core (375EC13C-06E4-48FB-B500-84F0262A717E): 4
LogDevObjectVersion:   Dev-Editor (E4B068ED-F494-42E9-A231-DA0B2E46BB41): 38
LogDevObjectVersion:   Dev-Framework (CFFC743F-43B0-4480-9391-14DF171D2073): 37
LogDevObjectVersion:   Dev-Mobile (B02B49B5-BB20-44E9-A304-32B752E40360): 2
LogDevObjectVersion:   Dev-Networking (A4E4105C-59A1-49B5-A7C5-40C4547EDFEE): 0
LogDevObjectVersion:   Dev-Online (39C831C9-5AE6-47DC-9A44-9C173E1C8E7C): 0
LogDevObjectVersion:   Dev-Physics (78F01B33-EBEA-4F98-B9B4-84EACCB95AA2): 4
LogDevObjectVersion:   Dev-Platform (6631380F-2D4D-43E0-8009-CF276956A95A): 0
LogDevObjectVersion:   Dev-Rendering (12F88B9F-8875-4AFC-A67C-D90C383ABD29): 43
LogDevObjectVersion:   Dev-Sequencer (7B5AE74C-D270-4C10-A958-57980B212A5A): 12
LogDevObjectVersion:   Dev-VR (D7296918-1DD6-4BDD-9DE2-64A83CC13884): 3
LogDevObjectVersion:   Dev-LoadTimes (C2A15278-BFE7-4AFE-6C17-90FF531DF755): 1
LogDevObjectVersion:   Private-Geometry (6EACA3D4-40EC-4CC1-B786-8BED09428FC5): 3
LogDevObjectVersion:   Dev-AnimPhys (29E575DD-E0A3-4627-9D10-D276232CDCEA): 17
LogDevObjectVersion:   Dev-Anim (AF43A65D-7FD3-4947-9873-3E8ED9C1BB05): 7
LogDevObjectVersion:   Dev-ReflectionCapture (6B266CEC-1EC7-4B8F-A30B-E4D90942FC07): 1
LogDevObjectVersion:   Dev-Automation (0DF73D61-A23F-47EA-B727-89E90C41499A): 1
LogDevObjectVersion:   FortniteMain (601D1886-AC64-4F84-AA16-D3DE0DEAC7D6): 31
LogDevObjectVersion:   Dev-Enterprise (9DFFBCD6-494F-0158-E221-12823C92A888): 10
LogDevObjectVersion:   Dev-Niagara (F2AED0AC-9AFE-416F-8664-AA7FFA26D6FC): 1
LogDevObjectVersion:   Dev-Destruction (174F1F0B-B4C6-45A5-B13F-2EE8D0FB917D): 10
LogDevObjectVersion:   Dev-Physics-Ext (35F94A83-E258-406C-A318-09F59610247C): 37
LogDevObjectVersion:   Dev-PhysicsMaterial-Chaos (B68FC16E-8B1B-42E2-B453-215C058844FE): 1
LogDevObjectVersion:   Dev-CineCamera (B2E18506-4273-CFC2-A54E-F4BB758BBA07): 1
LogInit: Presizing for max 25165824 objects, including 0 objects not considered by GC, pre-allocating 0 bytes for permanent pool.
LogConfig: Applying CVar settings from Section [/Script/Engine.StreamingSettings] File [C:/Users/UnknownUser/Documents/Unreal Projects/EvilCube/Saved/Config/Windows/Engine.ini]
LogConfig: Setting CVar [[s.MinBulkDataSizeForAsyncLoading:131072]]
LogConfig: Setting CVar [[s.AsyncLoadingThreadEnabled:0]]
LogConfig: Setting CVar [[s.EventDrivenLoaderEnabled:1]]
LogConfig: Setting CVar [[s.WarnIfTimeLimitExceeded:0]]
LogConfig: Setting CVar [[s.TimeLimitExceededMultiplier:1.5]]
LogConfig: Setting CVar [[s.TimeLimitExceededMinTime:0.005]]
LogConfig: Setting CVar [[s.UseBackgroundLevelStreaming:1]]
LogConfig: Setting CVar [[s.PriorityAsyncLoadingExtraTime:15.0]]
LogConfig: Setting CVar [[s.LevelStreamingActorsUpdateTimeLimit:5.0]]
LogConfig: Setting CVar [[s.PriorityLevelStreamingActorsUpdateExtraTime:5.0]]
LogConfig: Setting CVar [[s.LevelStreamingComponentsRegistrationGranularity:10]]
LogConfig: Setting CVar [[s.UnregisterComponentsTimeLimit:1.0]]
LogConfig: Setting CVar [[s.LevelStreamingComponentsUnregistrationGranularity:5]]
LogConfig: Setting CVar [[s.FlushStreamingOnExit:1]]
LogInit: Object subsystem initialized
LogConfig: Setting CVar [[con.DebugEarlyDefault:1]]
LogConfig: Setting CVar [[r.setres:1280x720]]
[2020.07.17-22.52.51:860][  0]LogConfig: Setting CVar [[r.VSync:0]]
[2020.07.17-22.52.51:860][  0]LogConfig: Setting CVar [[r.RHICmdBypass:0]]
[2020.07.17-22.52.51:860][  0]LogConfig: Applying CVar settings from Section [/Script/Engine.RendererSettings] File [C:/Users/UnknownUser/Documents/Unreal Projects/EvilCube/Saved/Config/Windows/Engine.ini]
[2020.07.17-22.52.51:860][  0]LogConfig: Setting CVar [[r.GPUCrashDebugging:0]]
[2020.07.17-22.52.51:860][  0]LogConfig: Applying CVar settings from Section [/Script/Engine.RendererOverrideSettings] File [C:/Users/UnknownUser/Documents/Unreal Projects/EvilCube/Saved/Config/Windows/Engine.ini]
[2020.07.17-22.52.51:860][  0]LogConfig: Applying CVar settings from Section [/Script/Engine.StreamingSettings] File [C:/Users/UnknownUser/Documents/Unreal Projects/EvilCube/Saved/Config/Windows/Engine.ini]
[2020.07.17-22.52.51:860][  0]LogConfig: Setting CVar [[s.MinBulkDataSizeForAsyncLoading:131072]]
[2020.07.17-22.52.51:860][  0]LogConfig: Setting CVar [[s.AsyncLoadingThreadEnabled:0]]
[2020.07.17-22.52.51:860][  0]LogConfig: Setting CVar [[s.EventDrivenLoaderEnabled:1]]
[2020.07.17-22.52.51:860][  0]LogConfig: Setting CVar [[s.WarnIfTimeLimitExceeded:0]]
[2020.07.17-22.52.51:860][  0]LogConfig: Setting CVar [[s.TimeLimitExceededMultiplier:1.5]]
[2020.07.17-22.52.51:860][  0]LogConfig: Setting CVar [[s.TimeLimitExceededMinTime:0.005]]
[2020.07.17-22.52.51:860][  0]LogConfig: Setting CVar [[s.UseBackgroundLevelStreaming:1]]
[2020.07.17-22.52.51:860][  0]LogConfig: Setting CVar [[s.PriorityAsyncLoadingExtraTime:15.0]]
[2020.07.17-22.52.51:860][  0]LogConfig: Setting CVar [[s.LevelStreamingActorsUpdateTimeLimit:5.0]]
[2020.07.17-22.52.51:860][  0]LogConfig: Setting CVar [[s.PriorityLevelStreamingActorsUpdateExtraTime:5.0]]
[2020.07.17-22.52.51:860][  0]LogConfig: Setting CVar [[s.LevelStreamingComponentsRegistrationGranularity:10]]
[2020.07.17-22.52.51:860][  0]LogConfig: Setting CVar [[s.UnregisterComponentsTimeLimit:1.0]]
[2020.07.17-22.52.51:860][  0]LogConfig: Setting CVar [[s.LevelStreamingComponentsUnregistrationGranularity:5]]
[2020.07.17-22.52.51:860][  0]LogConfig: Setting CVar [[s.FlushStreamingOnExit:1]]
[2020.07.17-22.52.51:860][  0]LogConfig: Applying CVar settings from Section [/Script/Engine.GarbageCollectionSettings] File [C:/Users/UnknownUser/Documents/Unreal Projects/EvilCube/Saved/Config/Windows/Engine.ini]
[2020.07.17-22.52.51:860][  0]LogConfig: Setting CVar [[gc.MaxObjectsNotConsideredByGC:1]]
[2020.07.17-22.52.51:860][  0]LogConfig: Setting CVar [[gc.SizeOfPermanentObjectPool:0]]
[2020.07.17-22.52.51:860][  0]LogConfig: Setting CVar [[gc.FlushStreamingOnGC:0]]
[2020.07.17-22.52.51:860][  0]LogConfig: Setting CVar [[gc.NumRetriesBeforeForcingGC:10]]
[2020.07.17-22.52.51:860][  0]LogConfig: Setting CVar [[gc.AllowParallelGC:1]]
[2020.07.17-22.52.51:860][  0]LogConfig: Setting CVar [[gc.TimeBetweenPurgingPendingKillObjects:61.1]]
[2020.07.17-22.52.51:860][  0]LogConfig: Setting CVar [[gc.MaxObjectsInEditor:25165824]]
[2020.07.17-22.52.51:860][  0]LogConfig: Setting CVar [[gc.IncrementalBeginDestroyEnabled:1]]
[2020.07.17-22.52.51:860][  0]LogConfig: Setting CVar [[gc.CreateGCClusters:1]]
[2020.07.17-22.52.51:860][  0]LogConfig: Setting CVar [[gc.MinGCClusterSize:5]]
[2020.07.17-22.52.51:861][  0]LogConfig: Setting CVar [[gc.ActorClusteringEnabled:0]]
[2020.07.17-22.52.51:861][  0]LogConfig: Setting CVar [[gc.BlueprintClusteringEnabled:0]]
[2020.07.17-22.52.51:861][  0]LogConfig: Setting CVar [[gc.UseDisregardForGCOnDedicatedServers:0]]
[2020.07.17-22.52.51:861][  0]LogConfig: Applying CVar settings from Section [/Script/Engine.NetworkSettings] File [C:/Users/UnknownUser/Documents/Unreal Projects/EvilCube/Saved/Config/Windows/Engine.ini]
[2020.07.17-22.52.51:861][  0]LogConfig: Applying CVar settings from Section [/Script/UnrealEd.CookerSettings] File [C:/Users/UnknownUser/Documents/Unreal Projects/EvilCube/Saved/Config/Windows/Engine.ini]
[2020.07.17-22.52.51:878][  0]LogConfig: Applying CVar settings from Section [ViewDistanceQuality@3] File [C:/Users/UnknownUser/Documents/Unreal Projects/EvilCube/Saved/Config/Windows/Scalability.ini]
[2020.07.17-22.52.51:878][  0]LogConfig: Setting CVar [[r.SkeletalMeshLODBias:0]]
[2020.07.17-22.52.51:878][  0]LogConfig: Setting CVar [[r.ViewDistanceScale:1.0]]
[2020.07.17-22.52.51:878][  0]LogConfig: Applying CVar settings from Section [AntiAliasingQuality@3] File [C:/Users/UnknownUser/Documents/Unreal Projects/EvilCube/Saved/Config/Windows/Scalability.ini]
[2020.07.17-22.52.51:879][  0]LogConfig: Setting CVar [[r.PostProcessAAQuality:4]]
[2020.07.17-22.52.51:879][  0]LogConfig: Applying CVar settings from Section [ShadowQuality@3] File [C:/Users/UnknownUser/Documents/Unreal Projects/EvilCube/Saved/Config/Windows/Scalability.ini]
[2020.07.17-22.52.51:879][  0]LogConfig: Setting CVar [[r.LightFunctionQuality:1]]
[2020.07.17-22.52.51:879][  0]LogConfig: Setting CVar [[r.ShadowQuality:5]]
[2020.07.17-22.52.51:879][  0]LogConfig: Setting CVar [[r.Shadow.CSM.MaxCascades:10]]
[2020.07.17-22.52.51:879][  0]LogConfig: Setting CVar [[r.Shadow.MaxResolution:2048]]
[2020.07.17-22.52.51:879][  0]LogConfig: Setting CVar [[r.Shadow.MaxCSMResolution:2048]]
[2020.07.17-22.52.51:879][  0]LogConfig: Setting CVar [[r.Shadow.RadiusThreshold:0.01]]
[2020.07.17-22.52.51:879][  0]LogConfig: Setting CVar [[r.Shadow.DistanceScale:1.0]]
[2020.07.17-22.52.51:879][  0]LogConfig: Setting CVar [[r.Shadow.CSM.TransitionScale:1.0]]
[2020.07.17-22.52.51:879][  0]LogConfig: Setting CVar [[r.Shadow.PreShadowResolutionFactor:1.0]]
[2020.07.17-22.52.51:879][  0]LogConfig: Setting CVar [[r.DistanceFieldShadowing:1]]
[2020.07.17-22.52.51:879][  0]LogConfig: Setting CVar [[r.DistanceFieldAO:1]]
[2020.07.17-22.52.51:879][  0]LogConfig: Setting CVar [[r.AOQuality:2]]
[2020.07.17-22.52.51:879][  0]LogConfig: Setting CVar [[r.VolumetricFog:1]]
[2020.07.17-22.52.51:879][  0]LogConfig: Setting CVar [[r.VolumetricFog.GridPixelSize:8]]
[2020.07.17-22.52.51:879][  0]LogConfig: Setting CVar [[r.VolumetricFog.GridSizeZ:128]]
[2020.07.17-22.52.51:879][  0]LogConfig: Setting CVar [[r.VolumetricFog.HistoryMissSupersampleCount:4]]
[2020.07.17-22.52.51:879][  0]LogConfig: Setting CVar [[r.LightMaxDrawDistanceScale:1]]
[2020.07.17-22.52.51:879][  0]LogConfig: Setting CVar [[r.CapsuleShadows:1]]
[2020.07.17-22.52.51:879][  0]LogConfig: Applying CVar settings from Section [PostProcessQuality@3] File [C:/Users/UnknownUser/Documents/Unreal Projects/EvilCube/Saved/Config/Windows/Scalability.ini]
[2020.07.17-22.52.51:879][  0]LogConfig: Setting CVar [[r.MotionBlurQuality:4]]
[2020.07.17-22.52.51:879][  0]LogConfig: Setting CVar [[r.AmbientOcclusionMipLevelFactor:0.4]]
[2020.07.17-22.52.51:879][  0]LogConfig: Setting CVar [[r.AmbientOcclusionMaxQuality:100]]
[2020.07.17-22.52.51:879][  0]LogConfig: Setting CVar [[r.AmbientOcclusionLevels:-1]]
[2020.07.17-22.52.51:879][  0]LogConfig: Setting CVar [[r.AmbientOcclusionRadiusScale:1.0]]
[2020.07.17-22.52.51:879][  0]LogConfig: Setting CVar [[r.DepthOfFieldQuality:2]]
[2020.07.17-22.52.51:879][  0]LogConfig: Setting CVar [[r.RenderTargetPoolMin:400]]
[2020.07.17-22.52.51:879][  0]LogConfig: Setting CVar [[r.LensFlareQuality:2]]
[2020.07.17-22.52.51:879][  0]LogConfig: Setting CVar [[r.SceneColorFringeQuality:1]]
[2020.07.17-22.52.51:879][  0]LogConfig: Setting CVar [[r.EyeAdaptationQuality:2]]
[2020.07.17-22.52.51:879][  0]LogConfig: Setting CVar [[r.BloomQuality:5]]
[2020.07.17-22.52.51:879][  0]LogConfig: Setting CVar [[r.FastBlurThreshold:100]]
[2020.07.17-22.52.51:879][  0]LogConfig: Setting CVar [[r.Upscale.Quality:3]]
[2020.07.17-22.52.51:879][  0]LogConfig: Setting CVar [[r.Tonemapper.GrainQuantization:1]]
[2020.07.17-22.52.51:879][  0]LogConfig: Setting CVar [[r.LightShaftQuality:1]]
[2020.07.17-22.52.51:879][  0]LogConfig: Setting CVar [[r.Filter.SizeScale:1]]
[2020.07.17-22.52.51:879][  0]LogConfig: Setting CVar [[r.Tonemapper.Quality:5]]
[2020.07.17-22.52.51:879][  0]LogConfig: Setting CVar [[r.DOF.Gather.AccumulatorQuality:1        ; higher gathering accumulator quality]]
[2020.07.17-22.52.51:879][  0]LogConfig: Setting CVar [[r.DOF.Gather.PostfilterMethod:1          ; Median3x3 postfilering method]]
[2020.07.17-22.52.51:879][  0]LogConfig: Setting CVar [[r.DOF.Gather.EnableBokehSettings:0       ; no bokeh simulation when gathering]]
[2020.07.17-22.52.51:879][  0]LogConfig: Setting CVar [[r.DOF.Gather.RingCount:4                 ; medium number of samples when gathering]]
[2020.07.17-22.52.51:879][  0]LogConfig: Setting CVar [[r.DOF.Scatter.ForegroundCompositing:1    ; additive foreground scattering]]
[2020.07.17-22.52.51:879][  0]LogConfig: Setting CVar [[r.DOF.Scatter.BackgroundCompositing:2    ; additive background scattering]]
[2020.07.17-22.52.51:879][  0]LogConfig: Setting CVar [[r.DOF.Scatter.EnableBokehSettings:1      ; bokeh simulation when scattering]]
[2020.07.17-22.52.51:879][  0]LogConfig: Setting CVar [[r.DOF.Scatter.MaxSpriteRatio:0.1         ; only a maximum of 10% of scattered bokeh]]
[2020.07.17-22.52.51:879][  0]LogConfig: Setting CVar [[r.DOF.Recombine.Quality:1                ; cheap slight out of focus]]
[2020.07.17-22.52.51:879][  0]LogConfig: Setting CVar [[r.DOF.Recombine.EnableBokehSettings:0    ; no bokeh simulation on slight out of focus]]
[2020.07.17-22.52.51:879][  0]LogConfig: Setting CVar [[r.DOF.TemporalAAQuality:1                ; more stable temporal accumulation]]
[2020.07.17-22.52.51:879][  0]LogConfig: Setting CVar [[r.DOF.Kernel.MaxForegroundRadius:0.025]]
[2020.07.17-22.52.51:879][  0]LogConfig: Setting CVar [[r.DOF.Kernel.MaxBackgroundRadius:0.025]]
[2020.07.17-22.52.51:879][  0]LogConfig: Applying CVar settings from Section [TextureQuality@3] File [C:/Users/UnknownUser/Documents/Unreal Projects/EvilCube/Saved/Config/Windows/Scalability.ini]
[2020.07.17-22.52.51:879][  0]LogConfig: Setting CVar [[r.Streaming.MipBias:0]]
[2020.07.17-22.52.51:879][  0]LogConfig: Setting CVar [[r.Streaming.AmortizeCPUToGPUCopy:0]]
[2020.07.17-22.52.51:879][  0]LogConfig: Setting CVar [[r.Streaming.MaxNumTexturesToStreamPerFrame:0]]
[2020.07.17-22.52.51:879][  0]LogConfig: Setting CVar [[r.Streaming.Boost:1]]
[2020.07.17-22.52.51:879][  0]LogConfig: Setting CVar [[r.MaxAnisotropy:8]]
[2020.07.17-22.52.51:879][  0]LogConfig: Setting CVar [[r.VT.MaxAnisotropy:8]]
[2020.07.17-22.52.51:879][  0]LogConfig: Setting CVar [[r.Streaming.LimitPoolSizeToVRAM:0]]
[2020.07.17-22.52.51:879][  0]LogConfig: Setting CVar [[r.Streaming.PoolSize:1000]]
[2020.07.17-22.52.51:879][  0]LogConfig: Setting CVar [[r.Streaming.MaxEffectiveScreenSize:0]]
[2020.07.17-22.52.51:879][  0]LogConfig: Applying CVar settings from Section [EffectsQuality@3] File [C:/Users/UnknownUser/Documents/Unreal Projects/EvilCube/Saved/Config/Windows/Scalability.ini]
[2020.07.17-22.52.51:879][  0]LogConfig: Setting CVar [[r.TranslucencyLightingVolumeDim:64]]
[2020.07.17-22.52.51:879][  0]LogConfig: Setting CVar [[r.RefractionQuality:2]]
[2020.07.17-22.52.51:879][  0]LogConfig: Setting CVar [[r.SSR.Quality:3]]
[2020.07.17-22.52.51:879][  0]LogConfig: Setting CVar [[r.SSR.HalfResSceneColor:0]]
[2020.07.17-22.52.51:879][  0]LogConfig: Setting CVar [[r.SceneColorFormat:4]]
[2020.07.17-22.52.51:879][  0]LogConfig: Setting CVar [[r.DetailMode:2]]
[2020.07.17-22.52.51:879][  0]LogConfig: Setting CVar [[r.TranslucencyVolumeBlur:1]]
[2020.07.17-22.52.51:879][  0]LogConfig: Setting CVar [[r.MaterialQualityLevel:1 ; High quality]]
[2020.07.17-22.52.51:879][  0]LogConfig: Setting CVar [[r.SSS.Scale:1]]
[2020.07.17-22.52.51:879][  0]LogConfig: Setting CVar [[r.SSS.SampleSet:2]]
[2020.07.17-22.52.51:879][  0]LogConfig: Setting CVar [[r.SSS.Quality:1]]
[2020.07.17-22.52.51:879][  0]LogConfig: Setting CVar [[r.SSS.HalfRes:0]]
[2020.07.17-22.52.51:879][  0]LogConfig: Setting CVar [[r.SSGI.Quality:3]]
[2020.07.17-22.52.51:879][  0]LogConfig: Setting CVar [[r.EmitterSpawnRateScale:1.0]]
[2020.07.17-22.52.51:880][  0]LogConfig: Setting CVar [[r.ParticleLightQuality:2]]
[2020.07.17-22.52.51:880][  0]LogConfig: Setting CVar [[r.SkyAtmosphere.AerialPerspectiveLUT.FastApplyOnOpaque:1 ; Always have FastSkyLUT 1 in this case to avoid wrong sky]]
[2020.07.17-22.52.51:880][  0]LogConfig: Setting CVar [[r.SkyAtmosphere.AerialPerspectiveLUT.SampleCountPerSlice:1]]
[2020.07.17-22.52.51:880][  0]LogConfig: Setting CVar [[r.SkyAtmosphere.AerialPerspectiveLUT.DepthResolution:16.0]]
[2020.07.17-22.52.51:880][  0]LogConfig: Setting CVar [[r.SkyAtmosphere.FastSkyLUT:1]]
[2020.07.17-22.52.51:880][  0]LogConfig: Setting CVar [[r.SkyAtmosphere.FastSkyLUT.SampleCountMin:4.0]]
[2020.07.17-22.52.51:880][  0]LogConfig: Setting CVar [[r.SkyAtmosphere.FastSkyLUT.SampleCountMax:32.0]]
[2020.07.17-22.52.51:880][  0]LogConfig: Setting CVar [[r.SkyAtmosphere.SampleCountMin:4.0]]
[2020.07.17-22.52.51:880][  0]LogConfig: Setting CVar [[r.SkyAtmosphere.SampleCountMax:32.0]]
[2020.07.17-22.52.51:880][  0]LogConfig: Setting CVar [[r.SkyAtmosphere.TransmittanceLUT.UseSmallFormat:0]]
[2020.07.17-22.52.51:880][  0]LogConfig: Setting CVar [[r.SkyAtmosphere.TransmittanceLUT.SampleCount:10.0]]
[2020.07.17-22.52.51:880][  0]LogConfig: Setting CVar [[r.SkyAtmosphere.MultiScatteringLUT.SampleCount:15.0]]
[2020.07.17-22.52.51:880][  0]LogConfig: Applying CVar settings from Section [FoliageQuality@3] File [C:/Users/UnknownUser/Documents/Unreal Projects/EvilCube/Saved/Config/Windows/Scalability.ini]
[2020.07.17-22.52.51:880][  0]LogConfig: Setting CVar [[foliage.DensityScale:1.0]]
[2020.07.17-22.52.51:880][  0]LogConfig: Setting CVar [[grass.DensityScale:1.0]]
[2020.07.17-22.52.51:880][  0]LogConfig: Applying CVar settings from Section [ShadingQuality@3] File [C:/Users/UnknownUser/Documents/Unreal Projects/EvilCube/Saved/Config/Windows/Scalability.ini]
[2020.07.17-22.52.51:880][  0]LogConfig: Setting CVar [[r.HairStrands.SkyLighting.SampleCount:16]]
[2020.07.17-22.52.51:880][  0]LogConfig: Setting CVar [[r.HairStrands.SkyLighting.JitterIntegration:0]]
[2020.07.17-22.52.51:880][  0]LogConfig: Setting CVar [[r.HairStrands.SkyAO.SampleCount:16]]
[2020.07.17-22.52.51:880][  0]LogConfig: Setting CVar [[r.HairStrands.DeepShadow.SuperSampling:0]]
[2020.07.17-22.52.51:880][  0]LogConfig: Setting CVar [[r.HairStrands.VisibilityPPLL:0]]
[2020.07.17-22.52.51:880][  0]LogConfig: Setting CVar [[r.HairStrands.RasterizationScale:0.5]]
[2020.07.17-22.52.51:880][  0]LogConfig: Setting CVar [[r.HairStrands.VelocityRasterizationScale:1]]
[2020.07.17-22.52.51:880][  0]LogInit: Selected Device Profile: [Windows]
[2020.07.17-22.52.51:880][  0]LogInit: Applying CVar settings loaded from the selected device profile: [Windows]
[2020.07.17-22.52.51:880][  0]LogHAL: Display: Platform has ~ 32 GB [34305282048 / 34359738368 / 32], which maps to Largest [LargestMinGB=32, LargerMinGB=12, DefaultMinGB=8, SmallerMinGB=6, SmallestMinGB=0)
[2020.07.17-22.52.51:880][  0]LogInit: Going up to parent DeviceProfile []
[2020.07.17-22.52.51:880][  0]LogConfig: Applying CVar settings from Section [ViewDistanceQuality@3] File [C:/Users/UnknownUser/Documents/Unreal Projects/EvilCube/Saved/Config/Windows/Scalability.ini]
[2020.07.17-22.52.51:880][  0]LogConfig: Setting CVar [[r.SkeletalMeshLODBias:0]]
[2020.07.17-22.52.51:880][  0]LogConfig: Setting CVar [[r.ViewDistanceScale:1.0]]
[2020.07.17-22.52.51:880][  0]LogConfig: Applying CVar settings from Section [AntiAliasingQuality@3] File [C:/Users/UnknownUser/Documents/Unreal Projects/EvilCube/Saved/Config/Windows/Scalability.ini]
[2020.07.17-22.52.51:880][  0]LogConfig: Setting CVar [[r.PostProcessAAQuality:4]]
[2020.07.17-22.52.51:880][  0]LogConfig: Applying CVar settings from Section [ShadowQuality@3] File [C:/Users/UnknownUser/Documents/Unreal Projects/EvilCube/Saved/Config/Windows/Scalability.ini]
[2020.07.17-22.52.51:880][  0]LogConfig: Setting CVar [[r.LightFunctionQuality:1]]
[2020.07.17-22.52.51:880][  0]LogConfig: Setting CVar [[r.ShadowQuality:5]]
[2020.07.17-22.52.51:880][  0]LogConfig: Setting CVar [[r.Shadow.CSM.MaxCascades:10]]
[2020.07.17-22.52.51:880][  0]LogConfig: Setting CVar [[r.Shadow.MaxResolution:2048]]
[2020.07.17-22.52.51:880][  0]LogConfig: Setting CVar [[r.Shadow.MaxCSMResolution:2048]]
[2020.07.17-22.52.51:880][  0]LogConfig: Setting CVar [[r.Shadow.RadiusThreshold:0.01]]
[2020.07.17-22.52.51:880][  0]LogConfig: Setting CVar [[r.Shadow.DistanceScale:1.0]]
[2020.07.17-22.52.51:880][  0]LogConfig: Setting CVar [[r.Shadow.CSM.TransitionScale:1.0]]
[2020.07.17-22.52.51:880][  0]LogConfig: Setting CVar [[r.Shadow.PreShadowResolutionFactor:1.0]]
[2020.07.17-22.52.51:880][  0]LogConfig: Setting CVar [[r.DistanceFieldShadowing:1]]
[2020.07.17-22.52.51:880][  0]LogConfig: Setting CVar [[r.DistanceFieldAO:1]]
[2020.07.17-22.52.51:880][  0]LogConfig: Setting CVar [[r.AOQuality:2]]
[2020.07.17-22.52.51:880][  0]LogConfig: Setting CVar [[r.VolumetricFog:1]]
[2020.07.17-22.52.51:880][  0]LogConfig: Setting CVar [[r.VolumetricFog.GridPixelSize:8]]
[2020.07.17-22.52.51:880][  0]LogConfig: Setting CVar [[r.VolumetricFog.GridSizeZ:128]]
[2020.07.17-22.52.51:880][  0]LogConfig: Setting CVar [[r.VolumetricFog.HistoryMissSupersampleCount:4]]
[2020.07.17-22.52.51:880][  0]LogConfig: Setting CVar [[r.LightMaxDrawDistanceScale:1]]
[2020.07.17-22.52.51:880][  0]LogConfig: Setting CVar [[r.CapsuleShadows:1]]
[2020.07.17-22.52.51:880][  0]LogConfig: Applying CVar settings from Section [PostProcessQuality@3] File [C:/Users/UnknownUser/Documents/Unreal Projects/EvilCube/Saved/Config/Windows/Scalability.ini]
[2020.07.17-22.52.51:880][  0]LogConfig: Setting CVar [[r.MotionBlurQuality:4]]
[2020.07.17-22.52.51:880][  0]LogConfig: Setting CVar [[r.AmbientOcclusionMipLevelFactor:0.4]]
[2020.07.17-22.52.51:880][  0]LogConfig: Setting CVar [[r.AmbientOcclusionMaxQuality:100]]
[2020.07.17-22.52.51:880][  0]LogConfig: Setting CVar [[r.AmbientOcclusionLevels:-1]]
[2020.07.17-22.52.51:880][  0]LogConfig: Setting CVar [[r.AmbientOcclusionRadiusScale:1.0]]
[2020.07.17-22.52.51:880][  0]LogConfig: Setting CVar [[r.DepthOfFieldQuality:2]]
[2020.07.17-22.52.51:880][  0]LogConfig: Setting CVar [[r.RenderTargetPoolMin:400]]
[2020.07.17-22.52.51:880][  0]LogConfig: Setting CVar [[r.LensFlareQuality:2]]
[2020.07.17-22.52.51:880][  0]LogConfig: Setting CVar [[r.SceneColorFringeQuality:1]]
[2020.07.17-22.52.51:880][  0]LogConfig: Setting CVar [[r.EyeAdaptationQuality:2]]
[2020.07.17-22.52.51:880][  0]LogConfig: Setting CVar [[r.BloomQuality:5]]
[2020.07.17-22.52.51:880][  0]LogConfig: Setting CVar [[r.FastBlurThreshold:100]]
[2020.07.17-22.52.51:880][  0]LogConfig: Setting CVar [[r.Upscale.Quality:3]]
[2020.07.17-22.52.51:880][  0]LogConfig: Setting CVar [[r.Tonemapper.GrainQuantization:1]]
[2020.07.17-22.52.51:880][  0]LogConfig: Setting CVar [[r.LightShaftQuality:1]]
[2020.07.17-22.52.51:880][  0]LogConfig: Setting CVar [[r.Filter.SizeScale:1]]
[2020.07.17-22.52.51:880][  0]LogConfig: Setting CVar [[r.Tonemapper.Quality:5]]
[2020.07.17-22.52.51:880][  0]LogConfig: Setting CVar [[r.DOF.Gather.AccumulatorQuality:1        ; higher gathering accumulator quality]]
[2020.07.17-22.52.51:880][  0]LogConfig: Setting CVar [[r.DOF.Gather.PostfilterMethod:1          ; Median3x3 postfilering method]]
[2020.07.17-22.52.51:880][  0]LogConfig: Setting CVar [[r.DOF.Gather.EnableBokehSettings:0       ; no bokeh simulation when gathering]]
[2020.07.17-22.52.51:881][  0]LogConfig: Setting CVar [[r.DOF.Gather.RingCount:4                 ; medium number of samples when gathering]]
[2020.07.17-22.52.51:881][  0]LogConfig: Setting CVar [[r.DOF.Scatter.ForegroundCompositing:1    ; additive foreground scattering]]
[2020.07.17-22.52.51:881][  0]LogConfig: Setting CVar [[r.DOF.Scatter.BackgroundCompositing:2    ; additive background scattering]]
[2020.07.17-22.52.51:881][  0]LogConfig: Setting CVar [[r.DOF.Scatter.EnableBokehSettings:1      ; bokeh simulation when scattering]]
[2020.07.17-22.52.51:881][  0]LogConfig: Setting CVar [[r.DOF.Scatter.MaxSpriteRatio:0.1         ; only a maximum of 10% of scattered bokeh]]
[2020.07.17-22.52.51:881][  0]LogConfig: Setting CVar [[r.DOF.Recombine.Quality:1                ; cheap slight out of focus]]
[2020.07.17-22.52.51:881][  0]LogConfig: Setting CVar [[r.DOF.Recombine.EnableBokehSettings:0    ; no bokeh simulation on slight out of focus]]
[2020.07.17-22.52.51:881][  0]LogConfig: Setting CVar [[r.DOF.TemporalAAQuality:1                ; more stable temporal accumulation]]
[2020.07.17-22.52.51:881][  0]LogConfig: Setting CVar [[r.DOF.Kernel.MaxForegroundRadius:0.025]]
[2020.07.17-22.52.51:881][  0]LogConfig: Setting CVar [[r.DOF.Kernel.MaxBackgroundRadius:0.025]]
[2020.07.17-22.52.51:881][  0]LogConfig: Applying CVar settings from Section [TextureQuality@3] File [C:/Users/UnknownUser/Documents/Unreal Projects/EvilCube/Saved/Config/Windows/Scalability.ini]
[2020.07.17-22.52.51:881][  0]LogConfig: Setting CVar [[r.Streaming.MipBias:0]]
[2020.07.17-22.52.51:881][  0]LogConfig: Setting CVar [[r.Streaming.AmortizeCPUToGPUCopy:0]]
[2020.07.17-22.52.51:881][  0]LogConfig: Setting CVar [[r.Streaming.MaxNumTexturesToStreamPerFrame:0]]
[2020.07.17-22.52.51:881][  0]LogConfig: Setting CVar [[r.Streaming.Boost:1]]
[2020.07.17-22.52.51:881][  0]LogConfig: Setting CVar [[r.MaxAnisotropy:8]]
[2020.07.17-22.52.51:881][  0]LogConfig: Setting CVar [[r.VT.MaxAnisotropy:8]]
[2020.07.17-22.52.51:881][  0]LogConfig: Setting CVar [[r.Streaming.LimitPoolSizeToVRAM:0]]
[2020.07.17-22.52.51:881][  0]LogConfig: Setting CVar [[r.Streaming.PoolSize:1000]]
[2020.07.17-22.52.51:881][  0]LogConfig: Setting CVar [[r.Streaming.MaxEffectiveScreenSize:0]]
[2020.07.17-22.52.51:881][  0]LogConfig: Applying CVar settings from Section [EffectsQuality@3] File [C:/Users/UnknownUser/Documents/Unreal Projects/EvilCube/Saved/Config/Windows/Scalability.ini]
[2020.07.17-22.52.51:881][  0]LogConfig: Setting CVar [[r.TranslucencyLightingVolumeDim:64]]
[2020.07.17-22.52.51:881][  0]LogConfig: Setting CVar [[r.RefractionQuality:2]]
[2020.07.17-22.52.51:881][  0]LogConfig: Setting CVar [[r.SSR.Quality:3]]
[2020.07.17-22.52.51:881][  0]LogConfig: Setting CVar [[r.SSR.HalfResSceneColor:0]]
[2020.07.17-22.52.51:881][  0]LogConfig: Setting CVar [[r.SceneColorFormat:4]]
[2020.07.17-22.52.51:881][  0]LogConfig: Setting CVar [[r.DetailMode:2]]
[2020.07.17-22.52.51:881][  0]LogConfig: Setting CVar [[r.TranslucencyVolumeBlur:1]]
[2020.07.17-22.52.51:881][  0]LogConfig: Setting CVar [[r.MaterialQualityLevel:1 ; High quality]]
[2020.07.17-22.52.51:881][  0]LogConfig: Setting CVar [[r.SSS.Scale:1]]
[2020.07.17-22.52.51:881][  0]LogConfig: Setting CVar [[r.SSS.SampleSet:2]]
[2020.07.17-22.52.51:881][  0]LogConfig: Setting CVar [[r.SSS.Quality:1]]
[2020.07.17-22.52.51:881][  0]LogConfig: Setting CVar [[r.SSS.HalfRes:0]]
[2020.07.17-22.52.51:881][  0]LogConfig: Setting CVar [[r.SSGI.Quality:3]]
[2020.07.17-22.52.51:881][  0]LogConfig: Setting CVar [[r.EmitterSpawnRateScale:1.0]]
[2020.07.17-22.52.51:881][  0]LogConfig: Setting CVar [[r.ParticleLightQuality:2]]
[2020.07.17-22.52.51:881][  0]LogConfig: Setting CVar [[r.SkyAtmosphere.AerialPerspectiveLUT.FastApplyOnOpaque:1 ; Always have FastSkyLUT 1 in this case to avoid wrong sky]]
[2020.07.17-22.52.51:881][  0]LogConfig: Setting CVar [[r.SkyAtmosphere.AerialPerspectiveLUT.SampleCountPerSlice:1]]
[2020.07.17-22.52.51:881][  0]LogConfig: Setting CVar [[r.SkyAtmosphere.AerialPerspectiveLUT.DepthResolution:16.0]]
[2020.07.17-22.52.51:881][  0]LogConfig: Setting CVar [[r.SkyAtmosphere.FastSkyLUT:1]]
[2020.07.17-22.52.51:881][  0]LogConfig: Setting CVar [[r.SkyAtmosphere.FastSkyLUT.SampleCountMin:4.0]]
[2020.07.17-22.52.51:881][  0]LogConfig: Setting CVar [[r.SkyAtmosphere.FastSkyLUT.SampleCountMax:32.0]]
[2020.07.17-22.52.51:881][  0]LogConfig: Setting CVar [[r.SkyAtmosphere.SampleCountMin:4.0]]
[2020.07.17-22.52.51:881][  0]LogConfig: Setting CVar [[r.SkyAtmosphere.SampleCountMax:32.0]]
[2020.07.17-22.52.51:881][  0]LogConfig: Setting CVar [[r.SkyAtmosphere.TransmittanceLUT.UseSmallFormat:0]]
[2020.07.17-22.52.51:881][  0]LogConfig: Setting CVar [[r.SkyAtmosphere.TransmittanceLUT.SampleCount:10.0]]
[2020.07.17-22.52.51:881][  0]LogConfig: Setting CVar [[r.SkyAtmosphere.MultiScatteringLUT.SampleCount:15.0]]
[2020.07.17-22.52.51:881][  0]LogConfig: Applying CVar settings from Section [FoliageQuality@3] File [C:/Users/UnknownUser/Documents/Unreal Projects/EvilCube/Saved/Config/Windows/Scalability.ini]
[2020.07.17-22.52.51:881][  0]LogConfig: Setting CVar [[foliage.DensityScale:1.0]]
[2020.07.17-22.52.51:881][  0]LogConfig: Setting CVar [[grass.DensityScale:1.0]]
[2020.07.17-22.52.51:881][  0]LogConfig: Applying CVar settings from Section [ShadingQuality@3] File [C:/Users/UnknownUser/Documents/Unreal Projects/EvilCube/Saved/Config/Windows/Scalability.ini]
[2020.07.17-22.52.51:881][  0]LogConfig: Setting CVar [[r.HairStrands.SkyLighting.SampleCount:16]]
[2020.07.17-22.52.51:881][  0]LogConfig: Setting CVar [[r.HairStrands.SkyLighting.JitterIntegration:0]]
[2020.07.17-22.52.51:881][  0]LogConfig: Setting CVar [[r.HairStrands.SkyAO.SampleCount:16]]
[2020.07.17-22.52.51:881][  0]LogConfig: Setting CVar [[r.HairStrands.DeepShadow.SuperSampling:0]]
[2020.07.17-22.52.51:881][  0]LogConfig: Setting CVar [[r.HairStrands.VisibilityPPLL:0]]
[2020.07.17-22.52.51:881][  0]LogConfig: Setting CVar [[r.HairStrands.RasterizationScale:0.5]]
[2020.07.17-22.52.51:881][  0]LogConfig: Setting CVar [[r.HairStrands.VelocityRasterizationScale:1]]
[2020.07.17-22.52.51:881][  0]LogConfig: Applying CVar settings from Section [Startup] File [../../../Engine/Config/ConsoleVariables.ini]
[2020.07.17-22.52.51:882][  0]LogConfig: Setting CVar [[net.UseAdaptiveNetUpdateFrequency:0]]
[2020.07.17-22.52.51:882][  0]LogConfig: Setting CVar [[p.chaos.AllowCreatePhysxBodies:1]]
[2020.07.17-22.52.51:882][  0]LogConfig: Setting CVar [[fx.SkipVectorVMBackendOptimizations:1]]
[2020.07.17-22.52.51:882][  0]LogConfig: Applying CVar settings from Section [ConsoleVariables] File [C:/Users/UnknownUser/Documents/Unreal Projects/EvilCube/Saved/Config/Windows/Engine.ini]
[2020.07.17-22.52.51:882][  0]LogInit: Computer: DESKTOP-TQBS91F
[2020.07.17-22.52.51:882][  0]LogInit: User: UnknownUser
[2020.07.17-22.52.51:882][  0]LogInit: CPU Page size=4096, Cores=8
[2020.07.17-22.52.51:882][  0]LogInit: High frequency timer resolution =10.000000 MHz
[2020.07.17-22.52.51:882][  0]LogMemory: Memory total: Physical=31.9GB (32GB approx)
[2020.07.17-22.52.51:882][  0]LogMemory: Platform Memory Stats for Windows
[2020.07.17-22.52.51:882][  0]LogMemory: Process Physical Memory: 118.85 MB used, 118.86 MB peak
[2020.07.17-22.52.51:882][  0]LogMemory: Process Virtual Memory: 98.20 MB used, 98.20 MB peak
[2020.07.17-22.52.51:882][  0]LogMemory: Physical Memory: 11278.15 MB used,  21437.92 MB free, 32716.07 MB total
[2020.07.17-22.52.51:882][  0]LogMemory: Virtual Memory: 5186.43 MB used,  134212544.00 MB free, 134217728.00 MB total
[2020.07.17-22.52.51:887][  0]LogWindows: WindowsPlatformFeatures enabled
[2020.07.17-22.52.51:913][  0]LogInit: Physics initialised using underlying interface: PhysX
[2020.07.17-22.52.51:914][  0]LogInit: Using OS detected language (en-US).
[2020.07.17-22.52.51:914][  0]LogInit: Using OS detected locale (en-US).
[2020.07.17-22.52.51:917][  0]LogTextLocalizationManager: No specific localization for 'en-US' exists, so the 'en' localization will be used.
[2020.07.17-22.52.52:080][  0]LogInit: Setting process to per monitor DPI aware
[2020.07.17-22.52.52:139][  0]LogSlate: New Slate User Created.  User Index 0, Is Virtual User: 0
[2020.07.17-22.52.52:139][  0]LogSlate: Slate User Registered.  User Index 0, Is Virtual User: 0
[2020.07.17-22.52.52:349][  0]LogHMD: Failed to initialize OpenVR with code 117
[2020.07.17-22.52.52:349][  0]LogD3D11RHI: D3D11 min allowed feature level: 11_0
[2020.07.17-22.52.52:349][  0]LogD3D11RHI: D3D11 max allowed feature level: 11_0
[2020.07.17-22.52.52:349][  0]LogD3D11RHI: D3D11 adapters:
[2020.07.17-22.52.52:393][  0]LogD3D11RHI:    0. 'Radeon RX 580 Series' (Feature Level 11_0)
[2020.07.17-22.52.52:393][  0]LogD3D11RHI:       8171/0/16358 MB DedicatedVideo/DedicatedSystem/SharedSystem, Outputs:3, VendorId:0x1002
[2020.07.17-22.52.52:396][  0]LogD3D11RHI:    1. 'Microsoft Basic Render Driver' (Feature Level 11_0)
[2020.07.17-22.52.52:397][  0]LogD3D11RHI:       0/0/16358 MB DedicatedVideo/DedicatedSystem/SharedSystem, Outputs:0, VendorId:0x1414
[2020.07.17-22.52.52:397][  0]LogD3D11RHI: Chosen D3D11 Adapter: 0
[2020.07.17-22.52.52:404][  0]LogD3D11RHI: Creating new Direct3DDevice
[2020.07.17-22.52.52:404][  0]LogD3D11RHI:     GPU DeviceId: 0x67df (for the marketing name, search the web for "GPU Device Id")
[2020.07.17-22.52.52:404][  0]LogWindows: EnumDisplayDevices:
[2020.07.17-22.52.52:404][  0]LogWindows:    0. 'Radeon RX 580 Series' (P:0 D:1)
[2020.07.17-22.52.52:405][  0]LogWindows:    1. 'Radeon RX 580 Series' (P:0 D:1)
[2020.07.17-22.52.52:405][  0]LogWindows:    2. 'Radeon RX 580 Series' (P:1 D:1)
[2020.07.17-22.52.52:405][  0]LogWindows:    3. 'Radeon RX 580 Series' (P:0 D:0)
[2020.07.17-22.52.52:406][  0]LogWindows:    4. 'Radeon RX 580 Series' (P:0 D:0)
[2020.07.17-22.52.52:406][  0]LogWindows:    5. 'Radeon RX 580 Series' (P:0 D:0)
[2020.07.17-22.52.52:406][  0]LogWindows:    6. 'Radeon RX 580 Series' (P:0 D:0)
[2020.07.17-22.52.52:406][  0]LogWindows:    7. 'Radeon RX 580 Series' (P:0 D:0)
[2020.07.17-22.52.52:407][  0]LogWindows: DebugString: FoundDriverCount:8 
[2020.07.17-22.52.52:407][  0]LogD3D11RHI:     Adapter Name: Radeon RX 580 Series
[2020.07.17-22.52.52:407][  0]LogD3D11RHI:   Driver Version: Adrenalin 2020 20.4.2 (internal:26.20.15029.27017, unified:26.20.15029.27017)
[2020.07.17-22.52.52:407][  0]LogD3D11RHI:      Driver Date: 5-15-2020
[2020.07.17-22.52.52:407][  0]LogRHI: Texture pool is 5720 MB (70% of 8171 MB)
[2020.07.17-22.52.52:492][  0]LogD3D11RHI: RHI has support for 64 bit atomics
[2020.07.17-22.52.52:492][  0]LogD3D11RHI: Async texture creation enabled
[2020.07.17-22.52.52:492][  0]LogD3D11RHI: Array index from any shader is supported
[2020.07.17-22.52.52:492][  0]LogD3D11RHI: HDR output is supported on display 0 (AMD Device: 0x0, Display: 0x2).
[2020.07.17-22.52.52:504][  0]LogD3D11RHI: GPU Timing Frequency: 25.000000 (Debug: 2 1)
[2020.07.17-22.52.52:781][  0]LogTargetPlatformManager: Display: Loaded TargetPlatform 'AllDesktop'
[2020.07.17-22.52.52:803][  0]LogTargetPlatformManager: Display: Loaded TargetPlatform 'Android'
[2020.07.17-22.52.52:803][  0]LogTargetPlatformManager: Display: Loaded TargetPlatform 'Android_ASTC'
[2020.07.17-22.52.52:803][  0]LogTargetPlatformManager: Display: Loaded TargetPlatform 'Android_DXT'
[2020.07.17-22.52.52:803][  0]LogTargetPlatformManager: Display: Loaded TargetPlatform 'Android_ETC2'
[2020.07.17-22.52.52:803][  0]LogTargetPlatformManager: Display: Loaded TargetPlatform 'AndroidClient'
[2020.07.17-22.52.52:803][  0]LogTargetPlatformManager: Display: Loaded TargetPlatform 'Android_ASTCClient'
[2020.07.17-22.52.52:803][  0]LogTargetPlatformManager: Display: Loaded TargetPlatform 'Android_DXTClient'
[2020.07.17-22.52.52:803][  0]LogTargetPlatformManager: Display: Loaded TargetPlatform 'Android_ETC2Client'
[2020.07.17-22.52.52:803][  0]LogTargetPlatformManager: Display: Loaded TargetPlatform 'Android_Multi'
[2020.07.17-22.52.52:803][  0]LogTargetPlatformManager: Display: Loaded TargetPlatform 'Android_MultiClient'
[2020.07.17-22.52.52:828][  0]LogTargetPlatformManager: Display: Loaded TargetPlatform 'IOSClient'
[2020.07.17-22.52.52:828][  0]LogTargetPlatformManager: Display: Loaded TargetPlatform 'IOS'
[2020.07.17-22.52.52:838][  0]LogTargetPlatformManager: Display: Loaded TargetPlatform 'Linux'
[2020.07.17-22.52.52:847][  0]LogTargetPlatformManager: Display: Loaded TargetPlatform 'LinuxNoEditor'
[2020.07.17-22.52.52:857][  0]LogTargetPlatformManager: Display: Loaded TargetPlatform 'LinuxClient'
[2020.07.17-22.52.52:866][  0]LogTargetPlatformManager: Display: Loaded TargetPlatform 'LinuxServer'
[2020.07.17-22.52.52:875][  0]LogTargetPlatformManager: Display: Loaded TargetPlatform 'LinuxAArch64NoEditor'
[2020.07.17-22.52.52:885][  0]LogTargetPlatformManager: Display: Loaded TargetPlatform 'LinuxAArch64Client'
[2020.07.17-22.52.52:895][  0]LogTargetPlatformManager: Display: Loaded TargetPlatform 'LinuxAArch64Server'
[2020.07.17-22.52.52:924][  0]LogTargetPlatformManager: Display: Loaded TargetPlatform 'Lumin'
[2020.07.17-22.52.52:924][  0]LogTargetPlatformManager: Display: Loaded TargetPlatform 'LuminClient'
[2020.07.17-22.52.52:940][  0]LogTargetPlatformManager: Display: Loaded TargetPlatform 'TVOSClient'
[2020.07.17-22.52.52:940][  0]LogTargetPlatformManager: Display: Loaded TargetPlatform 'TVOS'
[2020.07.17-22.52.52:949][  0]LogTargetPlatformManager: Display: Loaded TargetPlatform 'WindowsNoEditor'
[2020.07.17-22.52.52:960][  0]LogTargetPlatformManager: Display: Loaded TargetPlatform 'Windows'
[2020.07.17-22.52.52:970][  0]LogTargetPlatformManager: Display: Loaded TargetPlatform 'WindowsClient'
[2020.07.17-22.52.52:979][  0]LogTargetPlatformManager: Display: Loaded TargetPlatform 'WindowsServer'
[2020.07.17-22.52.52:979][  0]LogTargetPlatformManager: Display: Building Assets For Windows
[2020.07.17-22.52.52:988][  0]LogAudioDebug: Display: Lib vorbis DLL was dynamically loaded.
[2020.07.17-22.52.53:044][  0]LogShaderCompilers: Guid format shader working directory is -19 characters bigger than the processId version (../../../../../../Users/UnknownUser/Documents/Unreal Projects/EvilCube/Intermediate/Shaders/WorkingDirectory/10080/).
[2020.07.17-22.52.53:044][  0]LogShaderCompilers: Cleaned the shader compiler working directory 'C:/Users/UnknownUser/AppData/Local/Temp/UnrealShaderWorkingDir/37423EB24506AE0970C70B9F4467AA7C/'.
[2020.07.17-22.52.53:045][  0]LogXGEController: Cannot use XGE Controller as Incredibuild is not installed on this machine.
[2020.07.17-22.52.53:045][  0]LogShaderCompilers: Cannot use XGE Shader Compiler as Incredibuild is not installed on this machine.
[2020.07.17-22.52.53:045][  0]LogShaderCompilers: Display: Using Local Shader Compiler.
[2020.07.17-22.52.53:811][  0]LogDerivedDataCache: Display: Max Cache Size: 512 MB
[2020.07.17-22.52.53:863][  0]LogDerivedDataCache: Loaded boot cache 0.05s 104MB C:/Users/UnknownUser/AppData/Local/UnrealEngine/4.25/DerivedDataCache/Boot.ddc.
[2020.07.17-22.52.53:863][  0]LogDerivedDataCache: Display: Loaded Boot cache: C:/Users/UnknownUser/AppData/Local/UnrealEngine/4.25/DerivedDataCache/Boot.ddc
[2020.07.17-22.52.53:863][  0]LogDerivedDataCache: FDerivedDataBackendGraph:  Pak pak cache file ../../../../../../Users/UnknownUser/Documents/Unreal Projects/EvilCube/DerivedDataCache/DDC.ddp not found, will not use a pak cache.
[2020.07.17-22.52.53:863][  0]LogDerivedDataCache: Unable to find inner node Pak for hierarchical cache Hierarchy.
[2020.07.17-22.52.53:863][  0]LogDerivedDataCache: FDerivedDataBackendGraph:  CompressedPak pak cache file ../../../../../../Users/UnknownUser/Documents/Unreal Projects/EvilCube/DerivedDataCache/Compressed.ddp not found, will not use a pak cache.
[2020.07.17-22.52.53:863][  0]LogDerivedDataCache: Unable to find inner node CompressedPak for hierarchical cache Hierarchy.
[2020.07.17-22.52.53:873][  0]LogDerivedDataCache: Display: Pak cache opened for reading ../../../Engine/DerivedDataCache/Compressed.ddp.
[2020.07.17-22.52.53:873][  0]LogDerivedDataCache: FDerivedDataBackendGraph:  EnterprisePak pak cache file ../../../Enterprise/DerivedDataCache/Compressed.ddp not found, will not use a pak cache.
[2020.07.17-22.52.53:873][  0]LogDerivedDataCache: Unable to find inner node EnterprisePak for hierarchical cache Hierarchy.
[2020.07.17-22.52.53:874][  0]LogDerivedDataCache: Using Local data cache path C:/Users/UnknownUser/AppData/Local/UnrealEngine/Common/DerivedDataCache: Writable
[2020.07.17-22.52.53:874][  0]LogDerivedDataCache: Shared data cache path not found in *engine.ini, will not use an Shared cache.
[2020.07.17-22.52.53:874][  0]LogDerivedDataCache: Unable to find inner node Shared for hierarchical cache Hierarchy.
[2020.07.17-22.52.53:934][  0]LogSlate: Using FreeType 2.10.0
[2020.07.17-22.52.53:934][  0]LogSlate: SlateFontServices - WITH_FREETYPE: 1, WITH_HARFBUZZ: 1
[2020.07.17-22.52.53:954][  0]LogAssetRegistry: FAssetRegistry took 0.0031 seconds to start up
[2020.07.17-22.52.54:194][  0]LogInit: Selected Device Profile: [Windows]
[2020.07.17-22.52.54:301][  0]LogMeshReduction: Using QuadricMeshReduction for automatic static mesh reduction
[2020.07.17-22.52.54:301][  0]LogMeshReduction: Using SimplygonMeshReduction for automatic skeletal mesh reduction
[2020.07.17-22.52.54:301][  0]LogMeshReduction: Using ProxyLODMeshReduction for automatic mesh merging
[2020.07.17-22.52.54:301][  0]LogMeshReduction: No distributed automatic mesh merging module available
[2020.07.17-22.52.54:302][  0]LogMeshMerging: No distributed automatic mesh merging module available
[2020.07.17-22.52.54:332][  0]LogNetVersion: EvilCube 1.0.0, NetCL: 13144385, EngineNetVer: 14, GameNetVer: 0 (Checksum: 3293135736)
[2020.07.17-22.52.54:702][  0]LogAISub: UAISubsystem::UAISubsystem AISubsystem (0000021BD920A340), frame # 0
[2020.07.17-22.52.54:702][  0]LogAISub: UAISubsystem::UAISubsystem AIPerceptionSystem (0000021BD9189440), frame # 0
[2020.07.17-22.52.54:704][  0]LogAISub: UAISubsystem::UAISubsystem EnvQueryManager (0000021BD9220400), frame # 0
[2020.07.17-22.52.54:757][  0]LogPackageLocalizationCache: Processed 20 localized package path(s) for 1 prioritized culture(s) in 0.047840 seconds
[2020.07.17-22.52.54:762][  0]LogUObjectArray: 15917 objects as part of root set at end of initial load.
[2020.07.17-22.52.54:762][  0]LogUObjectAllocator: 3965568 out of 0 bytes used by permanent object pool.
[2020.07.17-22.52.54:762][  0]LogUObjectArray: CloseDisregardForGC: 0/0 objects in disregard for GC pool
[2020.07.17-22.52.55:195][  0]LogTcpMessaging: Initializing TcpMessaging bridge
[2020.07.17-22.52.55:199][  0]LogUdpMessaging: Initializing bridge on interface 0.0.0.0:0 to multicast group 230.0.0.1:6666.
[2020.07.17-22.52.55:382][  0]SourceControl: Source control is disabled
[2020.07.17-22.52.55:382][  0]SourceControl: Source control is disabled
[2020.07.17-22.52.55:385][  0]SourceControl: Source control is disabled
[2020.07.17-22.52.55:388][  0]SourceControl: Source control is disabled
[2020.07.17-22.52.55:395][  0]SourceControl: Source control is disabled
[2020.07.17-22.52.55:631][  0]LogAndroidPermission: UAndroidPermissionCallbackProxy::GetInstance
[2020.07.17-22.52.55:649][  0]LogAudioCaptureCore: Display: No Audio Capture implementations found. Audio input will be silent.
[2020.07.17-22.52.55:649][  0]LogAudioCaptureCore: Display: No Audio Capture implementations found. Audio input will be silent.
[2020.07.17-22.52.55:698][  0]LogOcInput: OculusInput pre-init called
[2020.07.17-22.52.55:708][  0]LogWindows: Failed to load 'OVRPlugin.dll' (GetLastError=126)
[2020.07.17-22.52.55:708][  0]LogWindows: File 'OVRPlugin.dll' does not exist
[2020.07.17-22.52.55:770][  0]LogEngine: Initializing Engine...
[2020.07.17-22.52.55:830][  0]LogHMD: Failed to initialize OpenVR with code 108
[2020.07.17-22.52.55:830][  0]LogMagicLeap: Warning: VR disabled because ZI is not enabled.  To enable, in the editor, Edit -> Project Settings -> Plugins -> Magic Leap Plugin -> Enable Zero Iteration
[2020.07.17-22.52.55:831][  0]LogStats: UGameplayTagsManager::InitializeManager -  0.000 s
[2020.07.17-22.52.55:945][  0]LogInit: Initializing FReadOnlyCVARCache
[2020.07.17-22.52.55:952][  0]LogAIModule: Creating AISystem for world Untitled
[2020.07.17-22.52.55:952][  0]LogAISub: UAISubsystem::UAISubsystem EnvQueryManager (0000021BE1729600), frame # 0
[2020.07.17-22.52.55:952][  0]LogAISub: UAISubsystem::UAISubsystem AIPerceptionSystem (0000021BE175A0C0), frame # 0
[2020.07.17-22.52.55:963][  0]LogAudioMixer: Display: Audio Mixer Platform Settings:
[2020.07.17-22.52.55:963][  0]LogAudioMixer: Display: 	Sample Rate:						  48000
[2020.07.17-22.52.55:963][  0]LogAudioMixer: Display: 	Callback Buffer Frame Size Requested: 1024
[2020.07.17-22.52.55:963][  0]LogAudioMixer: Display: 	Callback Buffer Frame Size To Use:	  1024
[2020.07.17-22.52.55:963][  0]LogAudioMixer: Display: 	Number of buffers to queue:			  2
[2020.07.17-22.52.55:963][  0]LogAudioMixer: Display: 	Max Channels (voices):				  32
[2020.07.17-22.52.55:963][  0]LogAudioMixer: Display: 	Number of Async Source Workers:		  0
[2020.07.17-22.52.55:964][  0]LogAudio: Display: AudioDevice MaxSources: 32
[2020.07.17-22.52.55:964][  0]LogAudio: Display: Using built-in audio occlusion.
[2020.07.17-22.52.55:964][  0]LogAudioMixer: Display: Initializing audio mixer.
[2020.07.17-22.52.55:977][  0]LogAudioMixer: Display: 0: FrontLeft
[2020.07.17-22.52.55:977][  0]LogAudioMixer: Display: 1: FrontRight
[2020.07.17-22.52.56:044][  0]LogAudioMixer: Error: XAudio2 Error: Result -> 0x80004005: Unspecified error (line: 887)
[2020.07.17-22.52.56:049][  0]LogAudioMixer: Display: 0: FrontLeft
[2020.07.17-22.52.56:049][  0]LogAudioMixer: Display: 1: FrontRight
[2020.07.17-22.52.56:102][  0]LogAudioMixer: Error: XAudio2 Error: Result -> 0x80004005: Unspecified error (line: 887)
[2020.07.17-22.52.56:102][  0]LogAudio: Warning: FAudioDevice::Init Failed!
[2020.07.17-22.52.56:103][  0]LogAudioMixer: Error: Audio Platform Device Error: XAudio2 was not initialized. (File D:/Build/++UE4+Licensee/Sync/Engine/Source/Runtime/Windows/AudioMixerXAudio2/Private/AudioMixerPlatformXAudio2.cpp, Line 1014)
[2020.07.17-22.52.56:103][  0]LogAudioMixer: Error: Audio Platform Device Error: XAudio2 was already tore down. (File D:/Build/++UE4+Licensee/Sync/Engine/Source/Runtime/Windows/AudioMixerXAudio2/Private/AudioMixerPlatformXAudio2.cpp, Line 303)
[2020.07.17-22.52.56:103][  0]LogAudio: Display: Audio device could not be initialized. Please check the value for AudioDeviceModuleName and AudioMixerModuleName in [Platform]Engine.ini.
[2020.07.17-22.52.56:103][  0]LogAudio: Display: Audio device could not be initialized. Please check the value for AudioDeviceModuleName and AudioMixerModuleName in [Platform]Engine.ini.
[2020.07.17-22.52.56:103][  0]LogNetVersion: Set ProjectVersion to 1.0.0.0. Version Checksum will be recalculated on next use.
[2020.07.17-22.52.56:158][  0]LogDerivedDataCache: Saved boot cache 0.06s 104MB C:/Users/UnknownUser/AppData/Local/UnrealEngine/4.25/DerivedDataCache/Boot.ddc.
[2020.07.17-22.52.56:163][  0]LogInit: Texture streaming: Enabled
[2020.07.17-22.52.56:177][  0]LogEngineSessionManager: EngineSessionManager initialized
[2020.07.17-22.52.56:177][  0]LogEditorSessionSummary: Verbose: Initializing EditorSessionSummaryWriter for editor session tracking
[2020.07.17-22.52.56:179][  0]LogEditorSessionSummary: EditorSessionSummaryWriter initialized
[2020.07.17-22.52.56:234][  0]LogInit: Transaction tracking system initialized
[2020.07.17-22.52.56:253][  0]BlueprintLog: New page: Editor Load
[2020.07.17-22.52.56:313][  0]LocalizationService: Localization service is disabled
[2020.07.17-22.52.56:461][  0]LogCook: Display: Max memory allowance for cook 16384mb min free memory 0mb
[2020.07.17-22.52.56:461][  0]LogCook: Display: Mobile HDR setting 1
[2020.07.17-22.52.56:578][  0]LogFileCache: Scanning file cache for directory 'C:/Users/UnknownUser/Documents/Unreal Projects/EvilCube/Content/' took 0.00s
[2020.07.17-22.52.56:736][  0]SourceControl: Source control is disabled
[2020.07.17-22.52.56:736][  0]LogUnrealEdMisc: Loading editor; pre map load, took 6.182
[2020.07.17-22.52.56:736][  0]Cmd: MAP LOAD FILE="../../../../../../Users/UnknownUser/Documents/Unreal Projects/EvilCube/Content/FirstPersonBP/Maps/FirstPersonExampleMap.umap" TEMPLATE=0 SHOWPROGRESS=1 FEATURELEVEL=3
[2020.07.17-22.52.56:737][  0]LightingResults: New page: Lighting Build
[2020.07.17-22.52.56:737][  0]LogWorld: UWorld::CleanupWorld for Untitled, bSessionEnded=true, bCleanupResources=true
[2020.07.17-22.52.56:737][  0]LogSlate: InvalidateAllWidgets triggered.  All widgets were invalidated
[2020.07.17-22.52.56:737][  0]MapCheck: New page: Map Check
[2020.07.17-22.52.56:737][  0]LightingResults: New page: Lighting Build
[2020.07.17-22.52.56:760][  0]LogAISub: UAISubsystem::~UAISubsystem EnvQueryManager (0000021BE1729600), frame # 0
[2020.07.17-22.52.56:760][  0]LogAISub: UAISubsystem::~UAISubsystem AIPerceptionSystem (0000021BE175A0C0), frame # 0
[2020.07.17-22.52.56:760][  0]LogUObjectHash: Compacting FUObjectHashTables data took   0.67ms
[2020.07.17-22.52.57:003][  0]LogAIModule: Creating AISystem for world FirstPersonExampleMap
[2020.07.17-22.52.57:003][  0]LogAISub: UAISubsystem::UAISubsystem EnvQueryManager (0000021BCFCC3E00), frame # 0
[2020.07.17-22.52.57:003][  0]LogAISub: UAISubsystem::UAISubsystem AIPerceptionSystem (0000021BCFD35A80), frame # 0
[2020.07.17-22.52.57:017][  0]LogEditorServer: Finished looking for orphan Actors (0.000 secs)
[2020.07.17-22.52.57:037][  0]LogUObjectHash: Compacting FUObjectHashTables data took   0.80ms
[2020.07.17-22.52.57:038][  0]Cmd: MAP CHECKDEP NOCLEARLOG
[2020.07.17-22.52.57:038][  0]MapCheck: Map check complete: 0 Error(s), 0 Warning(s), took 0.157ms to complete.
[2020.07.17-22.52.57:038][  0]LogFileHelpers: Loading map 'FirstPersonExampleMap' took 0.302
[2020.07.17-22.52.57:039][  0]LogUnrealEdMisc: Total Editor Startup Time, took 6.485
[2020.07.17-22.52.57:195][  0]LogSlate: Updating window title bar state: overlay mode, drag disabled, window buttons hidden, title bar hidden
[2020.07.17-22.52.57:201][  0]LogSlate: Updating window title bar state: overlay mode, drag disabled, window buttons hidden, title bar hidden
[2020.07.17-22.52.57:208][  0]LogSlate: Updating window title bar state: overlay mode, drag disabled, window buttons hidden, title bar hidden
[2020.07.17-22.52.57:215][  0]LogSlate: Updating window title bar state: overlay mode, drag disabled, window buttons hidden, title bar hidden
[2020.07.17-22.52.57:221][  0]LogCollectionManager: Loaded 0 collections in 0.001864 seconds
[2020.07.17-22.52.57:236][  0]LogFileCache: Scanning file cache for directory 'C:/Users/UnknownUser/Documents/Unreal Projects/EvilCube/Saved/Collections/' took 0.00s
[2020.07.17-22.52.57:236][  0]LogFileCache: Scanning file cache for directory 'C:/Users/UnknownUser/Documents/Unreal Projects/EvilCube/Content/Developers/UnknownUser/Collections/' took 0.00s
[2020.07.17-22.52.57:236][  0]LogFileCache: Scanning file cache for directory 'C:/Users/UnknownUser/Documents/Unreal Projects/EvilCube/Content/Collections/' took 0.00s
[2020.07.17-22.52.57:236][  0]LogContentBrowser: Native class hierarchy populated in 0.0095 seconds. Added 3436 classes and 838 folders.
[2020.07.17-22.52.57:238][  0]LogContentBrowser: Native class hierarchy updated for 'WidgetCarousel' in 0.0002 seconds. Added 0 classes and 0 folders.
[2020.07.17-22.52.57:278][  0]LogContentBrowser: Native class hierarchy updated for 'AddContentDialog' in 0.0003 seconds. Added 0 classes and 0 folders.
[2020.07.17-22.52.57:279][  0]LogContentBrowser: Native class hierarchy updated for 'SceneOutliner' in 0.0002 seconds. Added 2 classes and 0 folders.
[2020.07.17-22.52.57:359][  0]LogSlate: Took 0.000158 seconds to synchronously load lazily loaded font '../../../Engine/Content/Slate/Fonts/Roboto-Regular.ttf' (155K)
[2020.07.17-22.52.57:360][  0]LogSlate: Took 0.000174 seconds to synchronously load lazily loaded font '../../../Engine/Content/Slate/Fonts/Roboto-Bold.ttf' (160K)
[2020.07.17-22.52.57:365][  0]LogSlate: Took 0.000159 seconds to synchronously load lazily loaded font '../../../Engine/Content/Editor/Slate/Fonts/FontAwesome.ttf' (139K)
[2020.07.17-22.52.57:456][  0]LogRenderer: Reallocating scene render targets to support 2988x1532 Format 10 NumSamples 1 (Frame:1).
[2020.07.17-22.52.57:646][  0]LogContentBrowser: Native class hierarchy updated for 'HierarchicalLODOutliner' in 0.0003 seconds. Added 0 classes and 0 folders.
[2020.07.17-22.52.57:646][  0]LogLoad: (Engine Initialization) Total time: 7.09 seconds
[2020.07.17-22.52.57:646][  0]LogLoad: (Engine Initialization) Total Blueprint compile time: 0.00 seconds
[2020.07.17-22.52.57:682][  0]LogAssetRegistry: Asset discovery search completed in 3.7285 seconds
[2020.07.17-22.52.57:685][  0]LogCollectionManager: Fixed up redirectors for 0 collections in 0.000003 seconds (updated 0 objects)
[2020.07.17-22.52.57:687][  0]LogContentStreaming: Texture pool size now 1000 MB
